\BOOKMARK [1][-]{section.1}{Introduction}{}% 1
\BOOKMARK [2][-]{subsection.1.1}{Purpose of the System}{section.1}% 2
\BOOKMARK [2][-]{subsection.1.2}{Scope of the System}{section.1}% 3
\BOOKMARK [2][-]{subsection.1.3}{Objectives and Success Criteria of the Project}{section.1}% 4
\BOOKMARK [2][-]{subsection.1.4}{References}{section.1}% 5
\BOOKMARK [2][-]{subsection.1.5}{Overview}{section.1}% 6
\BOOKMARK [1][-]{section.2}{Current System}{}% 7
\BOOKMARK [2][-]{subsection.2.1}{Private Practices}{section.2}% 8
\BOOKMARK [2][-]{subsection.2.2}{Government Practices}{section.2}% 9
\BOOKMARK [1][-]{section.3}{Proposed system}{}% 10
\BOOKMARK [2][-]{subsection.3.1}{Overview}{section.3}% 11
\BOOKMARK [2][-]{subsection.3.2}{Functional Requirements}{section.3}% 12
\BOOKMARK [2][-]{subsection.3.3}{Nonfunctional Requirements}{section.3}% 13
\BOOKMARK [3][-]{subsubsection.3.3.1}{Usability and Interface}{subsection.3.3}% 14
\BOOKMARK [3][-]{subsubsection.3.3.2}{Reliability}{subsection.3.3}% 15
\BOOKMARK [3][-]{subsubsection.3.3.3}{Performance}{subsection.3.3}% 16
\BOOKMARK [3][-]{subsubsection.3.3.4}{Supportability}{subsection.3.3}% 17
\BOOKMARK [3][-]{subsubsection.3.3.5}{Implementation}{subsection.3.3}% 18
\BOOKMARK [3][-]{subsubsection.3.3.6}{Legal}{subsection.3.3}% 19
\BOOKMARK [2][-]{subsection.3.4}{System Models}{section.3}% 20
\BOOKMARK [3][-]{subsubsection.3.4.1}{Scenarios}{subsection.3.4}% 21
\BOOKMARK [3][-]{subsubsection.3.4.2}{Use Case Model}{subsection.3.4}% 22
\BOOKMARK [1][-]{section.4}{Glossary}{}% 23
